23:44:46.794 [main] INFO  testClases.TC005_CartPageTest - ******Staring TC005_cartPageTest*******
23:44:59.986 [main] ERROR testClases.TC005_CartPageTest - Test failed due to exception: Expected condition failed: waiting for element to be clickable: [[ChromeDriver: chrome on windows (8b3c99934c10bf9e9e0038000894bc76)] -> xpath: //a[normalize-space()='iPhone']] (tried for 10 second(s) with 500 milliseconds interval)
Build info: version: '4.20.0', revision: '866c76ca80'
System info: os.name: 'Windows 11', os.arch: 'amd64', os.version: '10.0', java.version: '24.0.1'
Driver info: org.openqa.selenium.chrome.ChromeDriver
Capabilities {acceptInsecureCerts: false, browserName: chrome, browserVersion: 137.0.7151.55, chrome: {chromedriverVersion: 137.0.7151.55 (254bc711794d..., userDataDir: C:\Users\Pravin\AppData\Loc...}, fedcm:accounts: true, goog:chromeOptions: {debuggerAddress: localhost:57694}, networkConnectionEnabled: false, pageLoadStrategy: normal, platformName: windows, proxy: Proxy(), se:cdp: ws://localhost:57694/devtoo..., se:cdpVersion: 137.0.7151.55, setWindowRect: true, strictFileInteractability: false, timeouts: {implicit: 0, pageLoad: 300000, script: 30000}, unhandledPromptBehavior: dismiss and notify, webauthn:extension:credBlob: true, webauthn:extension:largeBlob: true, webauthn:extension:minPinLength: true, webauthn:extension:prf: true, webauthn:virtualAuthenticators: true}
Session ID: 8b3c99934c10bf9e9e0038000894bc76
23:47:08.142 [main] INFO  testClases.TC005_CartPageTest - ******Staring TC005_cartPageTest*******
23:47:20.728 [main] ERROR testClases.TC005_CartPageTest - Test failed due to exception: no such element: Unable to locate element: {"method":"xpath","selector":"//a[@href="https://tutorialsninja.com/demo/index.php?route=product/product&product_id=40&search=iphone&sort=p.sort_order&order=ASC"]
"}
  (Session info: chrome=137.0.7151.55)
For documentation on this error, please visit: https://www.selenium.dev/documentation/webdriver/troubleshooting/errors#no-such-element-exception
Build info: version: '4.20.0', revision: '866c76ca80'
System info: os.name: 'Windows 11', os.arch: 'amd64', os.version: '10.0', java.version: '24.0.1'
Driver info: org.openqa.selenium.chrome.ChromeDriver
Command: [3e06c59e4b6c83644ade0583e1c240bd, findElement {value=//a[@href="https://tutorialsninja.com/demo/index.php?route=product/product&product_id=40&search=iphone&sort=p.sort_order&order=ASC"]
, using=xpath}]
Capabilities {acceptInsecureCerts: false, browserName: chrome, browserVersion: 137.0.7151.55, chrome: {chromedriverVersion: 137.0.7151.55 (254bc711794d..., userDataDir: C:\Users\Pravin\AppData\Loc...}, fedcm:accounts: true, goog:chromeOptions: {debuggerAddress: localhost:57913}, networkConnectionEnabled: false, pageLoadStrategy: normal, platformName: windows, proxy: Proxy(), se:cdp: ws://localhost:57913/devtoo..., se:cdpVersion: 137.0.7151.55, setWindowRect: true, strictFileInteractability: false, timeouts: {implicit: 0, pageLoad: 300000, script: 30000}, unhandledPromptBehavior: dismiss and notify, webauthn:extension:credBlob: true, webauthn:extension:largeBlob: true, webauthn:extension:minPinLength: true, webauthn:extension:prf: true, webauthn:virtualAuthenticators: true}
Session ID: 3e06c59e4b6c83644ade0583e1c240bd
23:49:07.565 [main] INFO  testClases.TC005_CartPageTest - ******Staring TC005_cartPageTest*******
23:49:20.517 [main] ERROR testClases.TC005_CartPageTest - Test failed due to exception: no such element: Unable to locate element: {"method":"xpath","selector":"//a[@href="https://tutorialsninja.com/demo/index.php?route=product/product&product_id=40&search=iphone&sort=p.sort_order&order=ASC"]
"}
  (Session info: chrome=137.0.7151.55)
For documentation on this error, please visit: https://www.selenium.dev/documentation/webdriver/troubleshooting/errors#no-such-element-exception
Build info: version: '4.20.0', revision: '866c76ca80'
System info: os.name: 'Windows 11', os.arch: 'amd64', os.version: '10.0', java.version: '24.0.1'
Driver info: org.openqa.selenium.chrome.ChromeDriver
Command: [dc947028b5fa30892623f9575d4dd098, findElement {using=xpath, value=//a[@href="https://tutorialsninja.com/demo/index.php?route=product/product&product_id=40&search=iphone&sort=p.sort_order&order=ASC"]
}]
Capabilities {acceptInsecureCerts: false, browserName: chrome, browserVersion: 137.0.7151.55, chrome: {chromedriverVersion: 137.0.7151.55 (254bc711794d..., userDataDir: C:\Users\Pravin\AppData\Loc...}, fedcm:accounts: true, goog:chromeOptions: {debuggerAddress: localhost:58114}, networkConnectionEnabled: false, pageLoadStrategy: normal, platformName: windows, proxy: Proxy(), se:cdp: ws://localhost:58114/devtoo..., se:cdpVersion: 137.0.7151.55, setWindowRect: true, strictFileInteractability: false, timeouts: {implicit: 0, pageLoad: 300000, script: 30000}, unhandledPromptBehavior: dismiss and notify, webauthn:extension:credBlob: true, webauthn:extension:largeBlob: true, webauthn:extension:minPinLength: true, webauthn:extension:prf: true, webauthn:virtualAuthenticators: true}
Session ID: dc947028b5fa30892623f9575d4dd098
