02:36:50.102 [main] INFO  testClases.TC001_AccountRegistrationTest -  Clicked on MyAccount.. 
02:36:50.801 [main] INFO  testClases.TC001_AccountRegistrationTest -  Clicked on Registerlink.. 
02:36:50.803 [main] INFO  testClases.TC001_AccountRegistrationTest -  Providing Customers Details.. 
02:36:53.057 [main] INFO  testClases.TC001_AccountRegistrationTest - Validating expected message..
02:36:53.129 [main] INFO  testClases.TC001_AccountRegistrationTest - Test passed
02:36:53.130 [main] INFO  testClases.TC001_AccountRegistrationTest - ***** Finished TC001_AccountRegistrationTest *****
02:36:59.242 [main] INFO  testClases.TC002LoginTest - ******Staring TC002_Logintest*******
02:37:00.941 [main] INFO  testClases.TC002LoginTest - *** Finished TC002 LoginTest**
02:37:06.934 [main] INFO  testClases.TC004_SearchFunctionalityTest - ******Staring TC004_SearchFunctinalityTest*******
02:37:08.560 [main] INFO  testClases.TC004_SearchFunctionalityTest - Login successful
02:37:09.249 [main] INFO  testClases.TC004_SearchFunctionalityTest - validate valide product
02:37:09.789 [main] INFO  testClases.TC004_SearchFunctionalityTest - validate Invalide product
02:37:19.833 [main] INFO  testClases.TC004_SearchFunctionalityTest - ******Finish TC004_SearchFunctinalityTest*******
02:37:25.782 [main] INFO  testClases.TC005_DetailPageTest - ******Staring TC005_DetailPageTest*******
02:37:43.019 [main] ERROR testClases.TC005_DetailPageTest - Test failed due to exception: no such element: Unable to locate element: {"method":"xpath","selector":"//div[contains(@class,'alert-success')]"}
  (Session info: MicrosoftEdge=137.0.3296.83)
For documentation on this error, please visit: https://www.selenium.dev/documentation/webdriver/troubleshooting/errors#no-such-element-exception
Build info: version: '4.20.0', revision: '866c76ca80'
System info: os.name: 'Windows 11', os.arch: 'amd64', os.version: '10.0', java.version: '24.0.1'
Driver info: org.openqa.selenium.edge.EdgeDriver
Command: [48ed0798dea6c5be8dd7b692cc2877b8, findElement {using=xpath, value=//div[contains(@class,'alert-success')]}]
Capabilities {acceptInsecureCerts: false, browserName: MicrosoftEdge, browserVersion: 137.0.3296.83, fedcm:accounts: true, ms:edgeOptions: {debuggerAddress: localhost:53125}, msedge: {msedgedriverVersion: 137.0.3296.83 (24e00e9cccf2..., userDataDir: C:\Users\Pravin\AppData\Loc...}, networkConnectionEnabled: false, pageLoadStrategy: normal, platformName: windows, proxy: Proxy(), se:cdp: ws://localhost:53125/devtoo..., se:cdpVersion: 137.0.3296.83, setWindowRect: true, strictFileInteractability: false, timeouts: {implicit: 0, pageLoad: 300000, script: 30000}, unhandledPromptBehavior: dismiss and notify, webauthn:extension:credBlob: true, webauthn:extension:largeBlob: true, webauthn:extension:minPinLength: true, webauthn:extension:prf: true, webauthn:virtualAuthenticators: true}
Session ID: 48ed0798dea6c5be8dd7b692cc2877b8
02:37:49.927 [main] INFO  testClases.TC006_CartPageTest - ******Staring TC005_cartPageTest*******
02:37:59.335 [main] INFO  testClases.TC006_CartPageTest - ******Finish TC005_cartPageTest*******
02:42:31.218 [main] INFO  testClases.TC001_AccountRegistrationTest - ****** Starting TC001_AccountRegistrationTest ******
02:42:31.457 [main] INFO  testClases.TC001_AccountRegistrationTest -  Clicked on MyAccount.. 
02:42:32.285 [main] INFO  testClases.TC001_AccountRegistrationTest -  Clicked on Registerlink.. 
02:42:32.289 [main] INFO  testClases.TC001_AccountRegistrationTest -  Providing Customers Details.. 
02:42:33.575 [main] INFO  testClases.TC001_AccountRegistrationTest - Validating expected message..
02:42:34.663 [main] INFO  testClases.TC001_AccountRegistrationTest - Test passed
02:42:34.664 [main] INFO  testClases.TC001_AccountRegistrationTest - ***** Finished TC001_AccountRegistrationTest *****
02:42:41.052 [main] INFO  testClases.TC002LoginTest - ******Staring TC002_Logintest*******
02:42:42.783 [main] INFO  testClases.TC002LoginTest - *** Finished TC002 LoginTest**
02:42:49.167 [main] INFO  testClases.TC004_SearchFunctionalityTest - ******Staring TC004_SearchFunctinalityTest*******
02:42:50.811 [main] INFO  testClases.TC004_SearchFunctionalityTest - Login successful
02:42:51.540 [main] INFO  testClases.TC004_SearchFunctionalityTest - validate valide product
02:42:52.140 [main] INFO  testClases.TC004_SearchFunctionalityTest - validate Invalide product
02:43:02.171 [main] INFO  testClases.TC004_SearchFunctionalityTest - ******Finish TC004_SearchFunctinalityTest*******
02:43:08.537 [main] INFO  testClases.TC005_DetailPageTest - ******Staring TC005_DetailPageTest*******
02:43:16.366 [main] INFO  testClases.TC005_DetailPageTest - ******Finish TC005_DetailPageTest*******
02:43:22.748 [main] INFO  testClases.TC006_CartPageTest - ******Staring TC005_cartPageTest*******
02:43:31.567 [main] INFO  testClases.TC006_CartPageTest - ******Finish TC005_cartPageTest*******
