23:04:35.080 [main] ERROR testClases.TC006_CartPageTest - Test failed due to exception: stale element reference: stale element not found
  (Session info: MicrosoftEdge=137.0.3296.83)
For documentation on this error, please visit: https://www.selenium.dev/documentation/webdriver/troubleshooting/errors#stale-element-reference-exception
Build info: version: '4.20.0', revision: '866c76ca80'
System info: os.name: 'Windows 11', os.arch: 'amd64', os.version: '10.0', java.version: '24.0.1'
Driver info: org.openqa.selenium.edge.EdgeDriver
Command: [594919dc6fad97eafe54789591f12be0, clickElement {id=f.E0682DF663B6EE559014554338C14251.d.832CA63E0CD8F73A4CDCD462F57D041F.e.108}]
Capabilities {acceptInsecureCerts: false, browserName: MicrosoftEdge, browserVersion: 137.0.3296.83, fedcm:accounts: true, ms:edgeOptions: {debuggerAddress: localhost:65167}, msedge: {msedgedriverVersion: 137.0.3296.83 (24e00e9cccf2..., userDataDir: C:\Users\Pravin\AppData\Loc...}, networkConnectionEnabled: false, pageLoadStrategy: normal, platformName: windows, proxy: Proxy(), se:cdp: ws://localhost:65167/devtoo..., se:cdpVersion: 137.0.3296.83, setWindowRect: true, strictFileInteractability: false, timeouts: {implicit: 0, pageLoad: 300000, script: 30000}, unhandledPromptBehavior: dismiss and notify, webauthn:extension:credBlob: true, webauthn:extension:largeBlob: true, webauthn:extension:minPinLength: true, webauthn:extension:prf: true, webauthn:virtualAuthenticators: true}
Element: [[EdgeDriver: MicrosoftEdge on windows (594919dc6fad97eafe54789591f12be0)] -> xpath: //button[@type='button']//i[@class='fa fa-shopping-cart']]
Session ID: 594919dc6fad97eafe54789591f12be0
23:06:40.907 [main] ERROR testClases.TC006_CartPageTest - Test failed due to exception: no such element: Unable to locate element: {"method":"css selector","selector":".table-responsive tbody tr"}
  (Session info: MicrosoftEdge=137.0.3296.83)
For documentation on this error, please visit: https://www.selenium.dev/documentation/webdriver/troubleshooting/errors#no-such-element-exception
Build info: version: '4.20.0', revision: '866c76ca80'
System info: os.name: 'Windows 11', os.arch: 'amd64', os.version: '10.0', java.version: '24.0.1'
Driver info: org.openqa.selenium.edge.EdgeDriver
Command: [087ec2fabde7d2cf1c19024426df76ad, findElement {using=css selector, value=.table-responsive tbody tr}]
Capabilities {acceptInsecureCerts: false, browserName: MicrosoftEdge, browserVersion: 137.0.3296.83, fedcm:accounts: true, ms:edgeOptions: {debuggerAddress: localhost:65319}, msedge: {msedgedriverVersion: 137.0.3296.83 (24e00e9cccf2..., userDataDir: C:\Users\Pravin\AppData\Loc...}, networkConnectionEnabled: false, pageLoadStrategy: normal, platformName: windows, proxy: Proxy(), se:cdp: ws://localhost:65319/devtoo..., se:cdpVersion: 137.0.3296.83, setWindowRect: true, strictFileInteractability: false, timeouts: {implicit: 0, pageLoad: 300000, script: 30000}, unhandledPromptBehavior: dismiss and notify, webauthn:extension:credBlob: true, webauthn:extension:largeBlob: true, webauthn:extension:minPinLength: true, webauthn:extension:prf: true, webauthn:virtualAuthenticators: true}
Session ID: 087ec2fabde7d2cf1c19024426df76ad
23:09:38.975 [main] ERROR testClases.TC006_CartPageTest - Test failed due to exception: no such element: Unable to locate element: {"method":"css selector","selector":"*[name='quantity[0]']"}
  (Session info: MicrosoftEdge=137.0.3296.83)
For documentation on this error, please visit: https://www.selenium.dev/documentation/webdriver/troubleshooting/errors#no-such-element-exception
Build info: version: '4.20.0', revision: '866c76ca80'
System info: os.name: 'Windows 11', os.arch: 'amd64', os.version: '10.0', java.version: '24.0.1'
Driver info: org.openqa.selenium.edge.EdgeDriver
Command: [d473bbd1b9f1465150b2c88a44bfe445, findElement {value=quantity[0], using=name}]
Capabilities {acceptInsecureCerts: false, browserName: MicrosoftEdge, browserVersion: 137.0.3296.83, fedcm:accounts: true, ms:edgeOptions: {debuggerAddress: localhost:49291}, msedge: {msedgedriverVersion: 137.0.3296.83 (24e00e9cccf2..., userDataDir: C:\Users\Pravin\AppData\Loc...}, networkConnectionEnabled: false, pageLoadStrategy: normal, platformName: windows, proxy: Proxy(), se:cdp: ws://localhost:49291/devtoo..., se:cdpVersion: 137.0.3296.83, setWindowRect: true, strictFileInteractability: false, timeouts: {implicit: 0, pageLoad: 300000, script: 30000}, unhandledPromptBehavior: dismiss and notify, webauthn:extension:credBlob: true, webauthn:extension:largeBlob: true, webauthn:extension:minPinLength: true, webauthn:extension:prf: true, webauthn:virtualAuthenticators: true}
Session ID: d473bbd1b9f1465150b2c88a44bfe445
23:24:43.479 [main] ERROR testClases.TC006_CartPageTest - Test failed due to exception: no such element: Unable to locate element: {"method":"xpath","selector":"//td[normalize-space()='Product Name']/tr"}
  (Session info: MicrosoftEdge=137.0.3296.83)
For documentation on this error, please visit: https://www.selenium.dev/documentation/webdriver/troubleshooting/errors#no-such-element-exception
Build info: version: '4.20.0', revision: '866c76ca80'
System info: os.name: 'Windows 11', os.arch: 'amd64', os.version: '10.0', java.version: '24.0.1'
Driver info: org.openqa.selenium.edge.EdgeDriver
Command: [b9e746cc3d515eb6a9567e1cf13933a0, findElement {using=xpath, value=//td[normalize-space()='Product Name']/tr}]
Capabilities {acceptInsecureCerts: false, browserName: MicrosoftEdge, browserVersion: 137.0.3296.83, fedcm:accounts: true, ms:edgeOptions: {debuggerAddress: localhost:51040}, msedge: {msedgedriverVersion: 137.0.3296.83 (24e00e9cccf2..., userDataDir: C:\Users\Pravin\AppData\Loc...}, networkConnectionEnabled: false, pageLoadStrategy: normal, platformName: windows, proxy: Proxy(), se:cdp: ws://localhost:51040/devtoo..., se:cdpVersion: 137.0.3296.83, setWindowRect: true, strictFileInteractability: false, timeouts: {implicit: 0, pageLoad: 300000, script: 30000}, unhandledPromptBehavior: dismiss and notify, webauthn:extension:credBlob: true, webauthn:extension:largeBlob: true, webauthn:extension:minPinLength: true, webauthn:extension:prf: true, webauthn:virtualAuthenticators: true}
Session ID: b9e746cc3d515eb6a9567e1cf13933a0
